Using pre-set license
Built from '2020.3/staging' branch; Version is '2020.3.0f1 (c7b5465681fb) revision 13088070'; Using compiler version '192528614'; Build Type 'Release'
OS: 'Windows 10 Home Single Language; OS build 19042.1237; Version 2009; 64bit' Language: 'en' Physical Memory: 8044 MB
BatchMode: 1, IsHumanControllingUs: 0, StartBugReporterOnCrash: 0, Is64bit: 1, IsPro: 0

 COMMAND LINE ARGUMENTS:
D:\Unity New\Editor\Unity.exe
-adb2
-batchMode
-noUpm
-name
AssetImportWorker0
-projectPath
D:/kuliah/Pemrograman s.3/UTS
-logFile
Logs/AssetImportWorker0.log
-srvPort
57872
Successfully changed project path to: D:/kuliah/Pemrograman s.3/UTS
D:/kuliah/Pemrograman s.3/UTS
Using Asset Import Pipeline V2.
Refreshing native plugins compatible for Editor in 69.57 ms, found 1 plugins.
Preloading 0 native plugins for Editor in 0.00 ms.
Initialize engine version: 2020.3.0f1 (c7b5465681fb)
[Subsystems] Discovering subsystems at path D:/Unity New/Editor/Data/Resources/UnitySubsystems
[Subsystems] Discovering subsystems at path D:/kuliah/Pemrograman s.3/UTS/Assets
GfxDevice: creating device client; threaded=0
Direct3D:
    Version:  Direct3D 11.0 [level 11.1]
    Renderer: NVIDIA GeForce GTX 1650 (ID=0x1f91)
    Vendor:   
    VRAM:     3962 MB
    Driver:   27.21.14.5763
Initialize mono
Mono path[0] = 'D:/Unity New/Editor/Data/Managed'
Mono path[1] = 'D:/Unity New/Editor/Data/MonoBleedingEdge/lib/mono/unityjit'
Mono config path = 'D:/Unity New/Editor/Data/MonoBleedingEdge/etc'
Using monoOptions --debugger-agent=transport=dt_socket,embedding=1,server=y,suspend=n,address=127.0.0.1:56868
Begin MonoManager ReloadAssembly
Registering precompiled unity dll's ...
Register platform support module: D:/Unity New/Editor/Data/PlaybackEngines/WindowsStandaloneSupport/UnityEditor.WindowsStandalone.Extensions.dll
Registered in 0.001932 seconds.
Native extension for WindowsStandalone target not found
Refreshing native plugins compatible for Editor in 72.84 ms, found 1 plugins.
Preloading 0 native plugins for Editor in 0.00 ms.
Invoked RoslynAnalysisRunner static constructor.
RoslynAnalysisRunner will not be running.
RoslynAnalysisRunner has terminated.
Mono: successfully reloaded assembly
- Completed reload, in  1.664 seconds
Platform modules already initialized, skipping
Registering precompiled user dll's ...
Registered in 0.001238 seconds.
Begin MonoManager ReloadAssembly
Native extension for WindowsStandalone target not found
Refreshing native plugins compatible for Editor in 70.15 ms, found 1 plugins.
Preloading 0 native plugins for Editor in 0.00 ms.
Invoked RoslynAnalysisRunner static constructor.
RoslynAnalysisRunner will not be running.
RoslynAnalysisRunner has terminated.
Mono: successfully reloaded assembly
- Completed reload, in  1.804 seconds
Platform modules already initialized, skipping
========================================================================
Worker process is ready to serve import requests
Launched and connected shader compiler UnityShaderCompiler.exe after 0.11 seconds
Refreshing native plugins compatible for Editor in 0.49 ms, found 1 plugins.
Preloading 0 native plugins for Editor in 0.00 ms.
Unloading 1810 Unused Serialized files (Serialized files now loaded: 0)
System memory in use before: 84.6 MB.
System memory in use after: 84.6 MB.

Unloading 24 unused Assets to reduce memory usage. Loaded Objects now: 2253.
Total: 3.327200 ms (FindLiveObjects: 0.291600 ms CreateObjectMapping: 0.108300 ms MarkObjects: 2.740400 ms  DeleteObjects: 0.185100 ms)

========================================================================
Received Import Request.
  path: Assets/Scenes/Level1.unity
  artifactKey: Guid(ee4df2b57e9e7394b985cb0a17393988) Importer(815301076,1909f56bfc062723c751e8b465ee728b)
Start importing Assets/Scenes/Level1.unity using Guid(ee4df2b57e9e7394b985cb0a17393988) Importer(815301076,1909f56bfc062723c751e8b465ee728b)  -> (artifact id: 'dc92c6d5fce01d00d48c3c253406937d') in 0.043912 seconds
  Import took 0.050915 seconds .

========================================================================
Received Import Request.
  Time since last request: 0.481712 seconds.
  path: Assets/Scenes/Level2.unity
  artifactKey: Guid(0dd2ae9f56d80a74e85931fa0115e31e) Importer(815301076,1909f56bfc062723c751e8b465ee728b)
Start importing Assets/Scenes/Level2.unity using Guid(0dd2ae9f56d80a74e85931fa0115e31e) Importer(815301076,1909f56bfc062723c751e8b465ee728b)  -> (artifact id: 'a2d482899037d266845da67d7be149e3') in 0.015041 seconds
  Import took 0.022992 seconds .

========================================================================
Received Import Request.
  Time since last request: 1.969468 seconds.
  path: Assets/Scenes/MainMenu.unity
  artifactKey: Guid(55fbdc4f42384514d8716a3c88516a2a) Importer(815301076,1909f56bfc062723c751e8b465ee728b)
Start importing Assets/Scenes/MainMenu.unity using Guid(55fbdc4f42384514d8716a3c88516a2a) Importer(815301076,1909f56bfc062723c751e8b465ee728b)  -> (artifact id: 'b93f78efeb0bf3c585fff960a0dce3c9') in 0.014137 seconds
  Import took 0.019050 seconds .

========================================================================
Received Prepare
Refreshing native plugins compatible for Editor in 2.12 ms, found 1 plugins.
Preloading 0 native plugins for Editor in 0.00 ms.
Unloading 10 Unused Serialized files (Serialized files now loaded: 0)
System memory in use before: 49.0 MB.
System memory in use after: 49.0 MB.

Unloading 10 unused Assets to reduce memory usage. Loaded Objects now: 2253.
Total: 6.589800 ms (FindLiveObjects: 0.364200 ms CreateObjectMapping: 0.138600 ms MarkObjects: 5.843900 ms  DeleteObjects: 0.239900 ms)

========================================================================
Received Prepare
Refreshing native plugins compatible for Editor in 2.69 ms, found 1 plugins.
Preloading 0 native plugins for Editor in 0.00 ms.
Unloading 10 Unused Serialized files (Serialized files now loaded: 0)
System memory in use before: 49.0 MB.
System memory in use after: 49.0 MB.

Unloading 10 unused Assets to reduce memory usage. Loaded Objects now: 2253.
Total: 5.147200 ms (FindLiveObjects: 0.272300 ms CreateObjectMapping: 0.123600 ms MarkObjects: 4.556700 ms  DeleteObjects: 0.192000 ms)

AssetImportWorkerClient::OnTransportError - code=2 error=End of file
