Using pre-set license
Built from '2020.3/staging' branch; Version is '2020.3.0f1 (c7b5465681fb) revision 13088070'; Using compiler version '192528614'; Build Type 'Release'
OS: 'Windows 10 Home Single Language; OS build 19042.1237; Version 2009; 64bit' Language: 'en' Physical Memory: 8044 MB
BatchMode: 1, IsHumanControllingUs: 0, StartBugReporterOnCrash: 0, Is64bit: 1, IsPro: 0

 COMMAND LINE ARGUMENTS:
D:\Unity New\Editor\Unity.exe
-adb2
-batchMode
-noUpm
-name
AssetImportWorker0
-projectPath
D:/kuliah/Pemrograman s.3/UTS
-logFile
Logs/AssetImportWorker0.log
-srvPort
59185
Successfully changed project path to: D:/kuliah/Pemrograman s.3/UTS
D:/kuliah/Pemrograman s.3/UTS
Using Asset Import Pipeline V2.
Refreshing native plugins compatible for Editor in 97.37 ms, found 1 plugins.
Preloading 0 native plugins for Editor in 0.00 ms.
Initialize engine version: 2020.3.0f1 (c7b5465681fb)
[Subsystems] Discovering subsystems at path D:/Unity New/Editor/Data/Resources/UnitySubsystems
[Subsystems] Discovering subsystems at path D:/kuliah/Pemrograman s.3/UTS/Assets
GfxDevice: creating device client; threaded=0
Direct3D:
    Version:  Direct3D 11.0 [level 11.1]
    Renderer: NVIDIA GeForce GTX 1650 (ID=0x1f91)
    Vendor:   
    VRAM:     3962 MB
    Driver:   27.21.14.5763
Initialize mono
Mono path[0] = 'D:/Unity New/Editor/Data/Managed'
Mono path[1] = 'D:/Unity New/Editor/Data/MonoBleedingEdge/lib/mono/unityjit'
Mono config path = 'D:/Unity New/Editor/Data/MonoBleedingEdge/etc'
Using monoOptions --debugger-agent=transport=dt_socket,embedding=1,server=y,suspend=n,address=127.0.0.1:56888
Begin MonoManager ReloadAssembly
Registering precompiled unity dll's ...
Register platform support module: D:/Unity New/Editor/Data/PlaybackEngines/WindowsStandaloneSupport/UnityEditor.WindowsStandalone.Extensions.dll
Registered in 0.001940 seconds.
Native extension for WindowsStandalone target not found
Refreshing native plugins compatible for Editor in 75.07 ms, found 1 plugins.
Preloading 0 native plugins for Editor in 0.00 ms.
Invoked RoslynAnalysisRunner static constructor.
RoslynAnalysisRunner will not be running.
RoslynAnalysisRunner has terminated.
Mono: successfully reloaded assembly
- Completed reload, in  1.674 seconds
Platform modules already initialized, skipping
Registering precompiled user dll's ...
Registered in 0.001181 seconds.
Begin MonoManager ReloadAssembly
Native extension for WindowsStandalone target not found
Refreshing native plugins compatible for Editor in 66.06 ms, found 1 plugins.
Preloading 0 native plugins for Editor in 0.00 ms.
Invoked RoslynAnalysisRunner static constructor.
RoslynAnalysisRunner will not be running.
RoslynAnalysisRunner has terminated.
Mono: successfully reloaded assembly
- Completed reload, in  1.809 seconds
Platform modules already initialized, skipping
========================================================================
Worker process is ready to serve import requests
Launched and connected shader compiler UnityShaderCompiler.exe after 0.10 seconds
Refreshing native plugins compatible for Editor in 1.58 ms, found 1 plugins.
Preloading 0 native plugins for Editor in 0.00 ms.
Unloading 1810 Unused Serialized files (Serialized files now loaded: 0)
System memory in use before: 84.7 MB.
System memory in use after: 84.7 MB.

Unloading 24 unused Assets to reduce memory usage. Loaded Objects now: 2253.
Total: 3.238300 ms (FindLiveObjects: 0.264200 ms CreateObjectMapping: 0.144200 ms MarkObjects: 2.643900 ms  DeleteObjects: 0.183900 ms)

========================================================================
Received Import Request.
  path: Assets/storm ExtraBold.ttf
  artifactKey: Guid(5298ac56f078bbb4a8190a86782018cf) Importer(815301076,1909f56bfc062723c751e8b465ee728b)
Start importing Assets/storm ExtraBold.ttf using Guid(5298ac56f078bbb4a8190a86782018cf) Importer(815301076,1909f56bfc062723c751e8b465ee728b)  -> (artifact id: '009c0d88ba34e209ceaa4d98d020d840') in 0.282199 seconds
  Import took 0.289660 seconds .

========================================================================
Received Prepare
Registering precompiled user dll's ...
Registered in 0.002933 seconds.
Begin MonoManager ReloadAssembly
Native extension for WindowsStandalone target not found
Refreshing native plugins compatible for Editor in 0.50 ms, found 1 plugins.
Preloading 0 native plugins for Editor in 0.00 ms.
Invoked RoslynAnalysisRunner static constructor.
RoslynAnalysisRunner will not be running.
RoslynAnalysisRunner has terminated.
Mono: successfully reloaded assembly
- Completed reload, in  1.555 seconds
Platform modules already initialized, skipping
Refreshing native plugins compatible for Editor in 0.49 ms, found 1 plugins.
Preloading 0 native plugins for Editor in 0.00 ms.
Unloading 1805 Unused Serialized files (Serialized files now loaded: 0)
System memory in use before: 88.2 MB.
System memory in use after: 88.1 MB.

Unloading 12 unused Assets to reduce memory usage. Loaded Objects now: 2301.
Total: 3.008800 ms (FindLiveObjects: 0.267600 ms CreateObjectMapping: 0.111400 ms MarkObjects: 2.475200 ms  DeleteObjects: 0.153100 ms)

========================================================================
Received Import Request.
  Time since last request: 70.453480 seconds.
  path: Assets/Scenes/Level2.unity
  artifactKey: Guid(0dd2ae9f56d80a74e85931fa0115e31e) Importer(815301076,1909f56bfc062723c751e8b465ee728b)
Start importing Assets/Scenes/Level2.unity using Guid(0dd2ae9f56d80a74e85931fa0115e31e) Importer(815301076,1909f56bfc062723c751e8b465ee728b)  -> (artifact id: 'eecf9e921995179fab269f5c6e210e9c') in 0.032319 seconds
  Import took 0.040591 seconds .

========================================================================
Received Prepare
Registering precompiled user dll's ...
Registered in 0.001217 seconds.
Begin MonoManager ReloadAssembly
Native extension for WindowsStandalone target not found
Refreshing native plugins compatible for Editor in 0.53 ms, found 1 plugins.
Preloading 0 native plugins for Editor in 0.00 ms.
Invoked RoslynAnalysisRunner static constructor.
RoslynAnalysisRunner will not be running.
RoslynAnalysisRunner has terminated.
Mono: successfully reloaded assembly
- Completed reload, in  1.681 seconds
Platform modules already initialized, skipping
Refreshing native plugins compatible for Editor in 0.51 ms, found 1 plugins.
Preloading 0 native plugins for Editor in 0.00 ms.
Unloading 1805 Unused Serialized files (Serialized files now loaded: 0)
System memory in use before: 88.2 MB.
System memory in use after: 88.2 MB.

Unloading 12 unused Assets to reduce memory usage. Loaded Objects now: 2305.
Total: 3.001000 ms (FindLiveObjects: 0.261900 ms CreateObjectMapping: 0.116400 ms MarkObjects: 2.436400 ms  DeleteObjects: 0.184700 ms)

========================================================================
Received Prepare
Registering precompiled user dll's ...
Registered in 0.001842 seconds.
Begin MonoManager ReloadAssembly
Native extension for WindowsStandalone target not found
Refreshing native plugins compatible for Editor in 0.63 ms, found 1 plugins.
Preloading 0 native plugins for Editor in 0.00 ms.
Invoked RoslynAnalysisRunner static constructor.
RoslynAnalysisRunner will not be running.
RoslynAnalysisRunner has terminated.
Mono: successfully reloaded assembly
- Completed reload, in  1.665 seconds
Platform modules already initialized, skipping
Refreshing native plugins compatible for Editor in 0.48 ms, found 1 plugins.
Preloading 0 native plugins for Editor in 0.00 ms.
Unloading 1805 Unused Serialized files (Serialized files now loaded: 0)
System memory in use before: 88.2 MB.
System memory in use after: 88.2 MB.

Unloading 12 unused Assets to reduce memory usage. Loaded Objects now: 2309.
Total: 4.208100 ms (FindLiveObjects: 0.530500 ms CreateObjectMapping: 0.157500 ms MarkObjects: 3.343200 ms  DeleteObjects: 0.175100 ms)

========================================================================
Received Import Request.
  Time since last request: 269.255210 seconds.
  path: Assets/Scenes/Level1.unity
  artifactKey: Guid(ee4df2b57e9e7394b985cb0a17393988) Importer(815301076,1909f56bfc062723c751e8b465ee728b)
Start importing Assets/Scenes/Level1.unity using Guid(ee4df2b57e9e7394b985cb0a17393988) Importer(815301076,1909f56bfc062723c751e8b465ee728b)  -> (artifact id: 'ec7d0da8902eacb2bb2f9e2368835ed7') in 0.038303 seconds
  Import took 0.044220 seconds .

========================================================================
Received Import Request.
  Time since last request: 29.386144 seconds.
  path: Assets/Scenes/Level2.unity
  artifactKey: Guid(0dd2ae9f56d80a74e85931fa0115e31e) Importer(815301076,1909f56bfc062723c751e8b465ee728b)
Start importing Assets/Scenes/Level2.unity using Guid(0dd2ae9f56d80a74e85931fa0115e31e) Importer(815301076,1909f56bfc062723c751e8b465ee728b)  -> (artifact id: '805c34b94449742a838adb29e5129ef0') in 0.007054 seconds
  Import took 0.014117 seconds .

AssetImportWorkerClient::OnTransportError - code=2 error=End of file
